<?xml version="1.0" encoding="UTF-8"?>
<testng-results total="54" passed="53" failed="1" skipped="0">
  <reporter-output>
  </reporter-output>
  <suite started-at="2021-02-23T14:58:52Z" name="Default suite" finished-at="2021-02-23T15:00:48Z" duration-ms="116693">
    <groups>
    </groups>
    <test started-at="2021-02-23T14:58:52Z" name="Default test" finished-at="2021-02-23T15:00:48Z" duration-ms="116693">
      <class name="testCases.HybridExecuteTest">
        <test-method signature="testLogin(java.lang.String, java.lang.String, java.lang.String, java.lang.String, java.lang.String)[pri:0, instance:testCases.HybridExecuteTest@4eed2acf]" started-at="2021-02-23T16:58:55Z" name="testLogin" data-provider="hybridData" finished-at="2021-02-23T16:59:06Z" duration-ms="10625" status="PASS">
          <params>
            <param index="0">
              <value>
                <![CDATA[Validate the of 1500 Deposit Was successful]]>
              </value>
            </param>
            <param index="1">
              <value>
                <![CDATA[]]>
              </value>
            </param>
            <param index="2">
              <value>
                <![CDATA[]]>
              </value>
            </param>
            <param index="3">
              <value>
                <![CDATA[]]>
              </value>
            </param>
            <param index="4">
              <value>
                <![CDATA[]]>
              </value>
            </param>
          </params>
          <reporter-output>
          </reporter-output>
        </test-method> <!-- testLogin -->
        <test-method signature="testLogin(java.lang.String, java.lang.String, java.lang.String, java.lang.String, java.lang.String)[pri:0, instance:testCases.HybridExecuteTest@4eed2acf]" started-at="2021-02-23T16:59:06Z" name="testLogin" data-provider="hybridData" finished-at="2021-02-23T16:59:13Z" duration-ms="6792" status="PASS">
          <params>
            <param index="0">
              <value>
                <![CDATA[]]>
              </value>
            </param>
            <param index="1">
              <value>
                <![CDATA[GOTOURL]]>
              </value>
            </param>
            <param index="2">
              <value>
                <![CDATA[]]>
              </value>
            </param>
            <param index="3">
              <value>
                <![CDATA[]]>
              </value>
            </param>
            <param index="4">
              <value>
                <![CDATA[http://www.way2automation.com/angularjs-protractor/banking/#/login]]>
              </value>
            </param>
          </params>
          <reporter-output>
          </reporter-output>
        </test-method> <!-- testLogin -->
        <test-method signature="testLogin(java.lang.String, java.lang.String, java.lang.String, java.lang.String, java.lang.String)[pri:0, instance:testCases.HybridExecuteTest@4eed2acf]" started-at="2021-02-23T16:59:13Z" name="testLogin" data-provider="hybridData" finished-at="2021-02-23T16:59:14Z" duration-ms="544" status="PASS">
          <params>
            <param index="0">
              <value>
                <![CDATA[]]>
              </value>
            </param>
            <param index="1">
              <value>
                <![CDATA[CLICK]]>
              </value>
            </param>
            <param index="2">
              <value>
                <![CDATA[//*[text()='Customer Login']]]>
              </value>
            </param>
            <param index="3">
              <value>
                <![CDATA[xpath]]>
              </value>
            </param>
            <param index="4">
              <value>
                <![CDATA[]]>
              </value>
            </param>
          </params>
          <reporter-output>
          </reporter-output>
        </test-method> <!-- testLogin -->
        <test-method signature="testLogin(java.lang.String, java.lang.String, java.lang.String, java.lang.String, java.lang.String)[pri:0, instance:testCases.HybridExecuteTest@4eed2acf]" started-at="2021-02-23T16:59:14Z" name="testLogin" data-provider="hybridData" finished-at="2021-02-23T16:59:14Z" duration-ms="186" status="PASS">
          <params>
            <param index="0">
              <value>
                <![CDATA[]]>
              </value>
            </param>
            <param index="1">
              <value>
                <![CDATA[WAITFORELEMENT]]>
              </value>
            </param>
            <param index="2">
              <value>
                <![CDATA[//strong]]>
              </value>
            </param>
            <param index="3">
              <value>
                <![CDATA[xpath]]>
              </value>
            </param>
            <param index="4">
              <value>
                <![CDATA[]]>
              </value>
            </param>
          </params>
          <reporter-output>
          </reporter-output>
        </test-method> <!-- testLogin -->
        <test-method signature="testLogin(java.lang.String, java.lang.String, java.lang.String, java.lang.String, java.lang.String)[pri:0, instance:testCases.HybridExecuteTest@4eed2acf]" started-at="2021-02-23T16:59:14Z" name="testLogin" data-provider="hybridData" finished-at="2021-02-23T16:59:15Z" duration-ms="900" status="PASS">
          <params>
            <param index="0">
              <value>
                <![CDATA[]]>
              </value>
            </param>
            <param index="1">
              <value>
                <![CDATA[CLICK]]>
              </value>
            </param>
            <param index="2">
              <value>
                <![CDATA[//*[@name= 'userSelect']]]>
              </value>
            </param>
            <param index="3">
              <value>
                <![CDATA[xpath]]>
              </value>
            </param>
            <param index="4">
              <value>
                <![CDATA[]]>
              </value>
            </param>
          </params>
          <reporter-output>
          </reporter-output>
        </test-method> <!-- testLogin -->
        <test-method signature="testLogin(java.lang.String, java.lang.String, java.lang.String, java.lang.String, java.lang.String)[pri:0, instance:testCases.HybridExecuteTest@4eed2acf]" started-at="2021-02-23T16:59:15Z" name="testLogin" data-provider="hybridData" finished-at="2021-02-23T16:59:15Z" duration-ms="419" status="PASS">
          <params>
            <param index="0">
              <value>
                <![CDATA[]]>
              </value>
            </param>
            <param index="1">
              <value>
                <![CDATA[SELECTVALUE]]>
              </value>
            </param>
            <param index="2">
              <value>
                <![CDATA[//*[@name= 'userSelect']]]>
              </value>
            </param>
            <param index="3">
              <value>
                <![CDATA[xpath]]>
              </value>
            </param>
            <param index="4">
              <value>
                <![CDATA[Hermoine Granger]]>
              </value>
            </param>
          </params>
          <reporter-output>
          </reporter-output>
        </test-method> <!-- testLogin -->
        <test-method signature="testLogin(java.lang.String, java.lang.String, java.lang.String, java.lang.String, java.lang.String)[pri:0, instance:testCases.HybridExecuteTest@4eed2acf]" started-at="2021-02-23T16:59:15Z" name="testLogin" data-provider="hybridData" finished-at="2021-02-23T16:59:16Z" duration-ms="750" status="PASS">
          <params>
            <param index="0">
              <value>
                <![CDATA[]]>
              </value>
            </param>
            <param index="1">
              <value>
                <![CDATA[CLICK]]>
              </value>
            </param>
            <param index="2">
              <value>
                <![CDATA[//button[@type='submit']]]>
              </value>
            </param>
            <param index="3">
              <value>
                <![CDATA[xpath]]>
              </value>
            </param>
            <param index="4">
              <value>
                <![CDATA[]]>
              </value>
            </param>
          </params>
          <reporter-output>
          </reporter-output>
        </test-method> <!-- testLogin -->
        <test-method signature="testLogin(java.lang.String, java.lang.String, java.lang.String, java.lang.String, java.lang.String)[pri:0, instance:testCases.HybridExecuteTest@4eed2acf]" started-at="2021-02-23T16:59:16Z" name="testLogin" data-provider="hybridData" finished-at="2021-02-23T16:59:17Z" duration-ms="691" status="PASS">
          <params>
            <param index="0">
              <value>
                <![CDATA[]]>
              </value>
            </param>
            <param index="1">
              <value>
                <![CDATA[WAITFORELEMENT]]>
              </value>
            </param>
            <param index="2">
              <value>
                <![CDATA[//*[@ng-class = 'btnClass2']]]>
              </value>
            </param>
            <param index="3">
              <value>
                <![CDATA[xpath]]>
              </value>
            </param>
            <param index="4">
              <value>
                <![CDATA[]]>
              </value>
            </param>
          </params>
          <reporter-output>
          </reporter-output>
        </test-method> <!-- testLogin -->
        <test-method signature="testLogin(java.lang.String, java.lang.String, java.lang.String, java.lang.String, java.lang.String)[pri:0, instance:testCases.HybridExecuteTest@4eed2acf]" started-at="2021-02-23T16:59:17Z" name="testLogin" data-provider="hybridData" finished-at="2021-02-23T16:59:17Z" duration-ms="221" status="PASS">
          <params>
            <param index="0">
              <value>
                <![CDATA[]]>
              </value>
            </param>
            <param index="1">
              <value>
                <![CDATA[CLICK]]>
              </value>
            </param>
            <param index="2">
              <value>
                <![CDATA[//*[@ng-class = 'btnClass2']]]>
              </value>
            </param>
            <param index="3">
              <value>
                <![CDATA[xpath]]>
              </value>
            </param>
            <param index="4">
              <value>
                <![CDATA[]]>
              </value>
            </param>
          </params>
          <reporter-output>
          </reporter-output>
        </test-method> <!-- testLogin -->
        <test-method signature="testLogin(java.lang.String, java.lang.String, java.lang.String, java.lang.String, java.lang.String)[pri:0, instance:testCases.HybridExecuteTest@4eed2acf]" started-at="2021-02-23T16:59:17Z" name="testLogin" data-provider="hybridData" finished-at="2021-02-23T16:59:18Z" duration-ms="726" status="PASS">
          <params>
            <param index="0">
              <value>
                <![CDATA[]]>
              </value>
            </param>
            <param index="1">
              <value>
                <![CDATA[VALIDATEANDCOMPARE]]>
              </value>
            </param>
            <param index="2">
              <value>
                <![CDATA[//label]]>
              </value>
            </param>
            <param index="3">
              <value>
                <![CDATA[xpath]]>
              </value>
            </param>
            <param index="4">
              <value>
                <![CDATA[Amount to be Deposited :]]>
              </value>
            </param>
          </params>
          <reporter-output>
          </reporter-output>
        </test-method> <!-- testLogin -->
        <test-method signature="testLogin(java.lang.String, java.lang.String, java.lang.String, java.lang.String, java.lang.String)[pri:0, instance:testCases.HybridExecuteTest@4eed2acf]" started-at="2021-02-23T16:59:18Z" name="testLogin" data-provider="hybridData" finished-at="2021-02-23T16:59:18Z" duration-ms="344" status="PASS">
          <params>
            <param index="0">
              <value>
                <![CDATA[]]>
              </value>
            </param>
            <param index="1">
              <value>
                <![CDATA[SETTEXT]]>
              </value>
            </param>
            <param index="2">
              <value>
                <![CDATA[//input[@type='number']]]>
              </value>
            </param>
            <param index="3">
              <value>
                <![CDATA[xpath]]>
              </value>
            </param>
            <param index="4">
              <value>
                <![CDATA[1500]]>
              </value>
            </param>
          </params>
          <reporter-output>
          </reporter-output>
        </test-method> <!-- testLogin -->
        <test-method signature="testLogin(java.lang.String, java.lang.String, java.lang.String, java.lang.String, java.lang.String)[pri:0, instance:testCases.HybridExecuteTest@4eed2acf]" started-at="2021-02-23T16:59:18Z" name="testLogin" data-provider="hybridData" finished-at="2021-02-23T16:59:19Z" duration-ms="786" status="PASS">
          <params>
            <param index="0">
              <value>
                <![CDATA[]]>
              </value>
            </param>
            <param index="1">
              <value>
                <![CDATA[CLICK]]>
              </value>
            </param>
            <param index="2">
              <value>
                <![CDATA[//*[@class = 'btn btn-default']]]>
              </value>
            </param>
            <param index="3">
              <value>
                <![CDATA[xpath]]>
              </value>
            </param>
            <param index="4">
              <value>
                <![CDATA[]]>
              </value>
            </param>
          </params>
          <reporter-output>
          </reporter-output>
        </test-method> <!-- testLogin -->
        <test-method signature="testLogin(java.lang.String, java.lang.String, java.lang.String, java.lang.String, java.lang.String)[pri:0, instance:testCases.HybridExecuteTest@4eed2acf]" started-at="2021-02-23T16:59:19Z" name="testLogin" data-provider="hybridData" finished-at="2021-02-23T16:59:19Z" duration-ms="212" status="PASS">
          <params>
            <param index="0">
              <value>
                <![CDATA[]]>
              </value>
            </param>
            <param index="1">
              <value>
                <![CDATA[VALIDATEANDCOMPARE]]>
              </value>
            </param>
            <param index="2">
              <value>
                <![CDATA[//div[4]/div/span]]>
              </value>
            </param>
            <param index="3">
              <value>
                <![CDATA[xpath]]>
              </value>
            </param>
            <param index="4">
              <value>
                <![CDATA[Deposit Successful]]>
              </value>
            </param>
          </params>
          <reporter-output>
          </reporter-output>
        </test-method> <!-- testLogin -->
        <test-method signature="testLogin(java.lang.String, java.lang.String, java.lang.String, java.lang.String, java.lang.String)[pri:0, instance:testCases.HybridExecuteTest@4eed2acf]" started-at="2021-02-23T16:59:19Z" name="testLogin" data-provider="hybridData" finished-at="2021-02-23T16:59:20Z" duration-ms="632" status="PASS">
          <params>
            <param index="0">
              <value>
                <![CDATA[]]>
              </value>
            </param>
            <param index="1">
              <value>
                <![CDATA[CLICK]]>
              </value>
            </param>
            <param index="2">
              <value>
                <![CDATA[//*[@class='btn logout']]]>
              </value>
            </param>
            <param index="3">
              <value>
                <![CDATA[xpath]]>
              </value>
            </param>
            <param index="4">
              <value>
                <![CDATA[]]>
              </value>
            </param>
          </params>
          <reporter-output>
          </reporter-output>
        </test-method> <!-- testLogin -->
        <test-method signature="testLogin(java.lang.String, java.lang.String, java.lang.String, java.lang.String, java.lang.String)[pri:0, instance:testCases.HybridExecuteTest@4eed2acf]" started-at="2021-02-23T16:59:20Z" name="testLogin" data-provider="hybridData" finished-at="2021-02-23T16:59:27Z" duration-ms="7106" status="PASS">
          <params>
            <param index="0">
              <value>
                <![CDATA[Validate the of 1500 Deposit Was successful]]>
              </value>
            </param>
            <param index="1">
              <value>
                <![CDATA[]]>
              </value>
            </param>
            <param index="2">
              <value>
                <![CDATA[]]>
              </value>
            </param>
            <param index="3">
              <value>
                <![CDATA[]]>
              </value>
            </param>
            <param index="4">
              <value>
                <![CDATA[]]>
              </value>
            </param>
          </params>
          <reporter-output>
          </reporter-output>
        </test-method> <!-- testLogin -->
        <test-method signature="testLogin(java.lang.String, java.lang.String, java.lang.String, java.lang.String, java.lang.String)[pri:0, instance:testCases.HybridExecuteTest@4eed2acf]" started-at="2021-02-23T16:59:27Z" name="testLogin" data-provider="hybridData" finished-at="2021-02-23T16:59:36Z" duration-ms="9525" status="PASS">
          <params>
            <param index="0">
              <value>
                <![CDATA[]]>
              </value>
            </param>
            <param index="1">
              <value>
                <![CDATA[GOTOURL]]>
              </value>
            </param>
            <param index="2">
              <value>
                <![CDATA[]]>
              </value>
            </param>
            <param index="3">
              <value>
                <![CDATA[]]>
              </value>
            </param>
            <param index="4">
              <value>
                <![CDATA[http://www.way2automation.com/angularjs-protractor/banking/#/login]]>
              </value>
            </param>
          </params>
          <reporter-output>
          </reporter-output>
        </test-method> <!-- testLogin -->
        <test-method signature="testLogin(java.lang.String, java.lang.String, java.lang.String, java.lang.String, java.lang.String)[pri:0, instance:testCases.HybridExecuteTest@4eed2acf]" started-at="2021-02-23T16:59:36Z" name="testLogin" data-provider="hybridData" finished-at="2021-02-23T16:59:37Z" duration-ms="573" status="PASS">
          <params>
            <param index="0">
              <value>
                <![CDATA[]]>
              </value>
            </param>
            <param index="1">
              <value>
                <![CDATA[CLICK]]>
              </value>
            </param>
            <param index="2">
              <value>
                <![CDATA[//*[text()='Customer Login']]]>
              </value>
            </param>
            <param index="3">
              <value>
                <![CDATA[xpath]]>
              </value>
            </param>
            <param index="4">
              <value>
                <![CDATA[]]>
              </value>
            </param>
          </params>
          <reporter-output>
          </reporter-output>
        </test-method> <!-- testLogin -->
        <test-method signature="testLogin(java.lang.String, java.lang.String, java.lang.String, java.lang.String, java.lang.String)[pri:0, instance:testCases.HybridExecuteTest@4eed2acf]" started-at="2021-02-23T16:59:37Z" name="testLogin" data-provider="hybridData" finished-at="2021-02-23T16:59:37Z" duration-ms="222" status="PASS">
          <params>
            <param index="0">
              <value>
                <![CDATA[]]>
              </value>
            </param>
            <param index="1">
              <value>
                <![CDATA[WAITFORELEMENT]]>
              </value>
            </param>
            <param index="2">
              <value>
                <![CDATA[//strong]]>
              </value>
            </param>
            <param index="3">
              <value>
                <![CDATA[xpath]]>
              </value>
            </param>
            <param index="4">
              <value>
                <![CDATA[]]>
              </value>
            </param>
          </params>
          <reporter-output>
          </reporter-output>
        </test-method> <!-- testLogin -->
        <test-method signature="testLogin(java.lang.String, java.lang.String, java.lang.String, java.lang.String, java.lang.String)[pri:0, instance:testCases.HybridExecuteTest@4eed2acf]" started-at="2021-02-23T16:59:37Z" name="testLogin" data-provider="hybridData" finished-at="2021-02-23T16:59:40Z" duration-ms="2486" status="PASS">
          <params>
            <param index="0">
              <value>
                <![CDATA[]]>
              </value>
            </param>
            <param index="1">
              <value>
                <![CDATA[CLICK]]>
              </value>
            </param>
            <param index="2">
              <value>
                <![CDATA[//*[@name= 'userSelect']]]>
              </value>
            </param>
            <param index="3">
              <value>
                <![CDATA[xpath]]>
              </value>
            </param>
            <param index="4">
              <value>
                <![CDATA[]]>
              </value>
            </param>
          </params>
          <reporter-output>
          </reporter-output>
        </test-method> <!-- testLogin -->
        <test-method signature="testLogin(java.lang.String, java.lang.String, java.lang.String, java.lang.String, java.lang.String)[pri:0, instance:testCases.HybridExecuteTest@4eed2acf]" started-at="2021-02-23T16:59:40Z" name="testLogin" data-provider="hybridData" finished-at="2021-02-23T16:59:40Z" duration-ms="607" status="PASS">
          <params>
            <param index="0">
              <value>
                <![CDATA[]]>
              </value>
            </param>
            <param index="1">
              <value>
                <![CDATA[SELECTVALUE]]>
              </value>
            </param>
            <param index="2">
              <value>
                <![CDATA[//*[@name= 'userSelect']]]>
              </value>
            </param>
            <param index="3">
              <value>
                <![CDATA[xpath]]>
              </value>
            </param>
            <param index="4">
              <value>
                <![CDATA[Hermoine Granger]]>
              </value>
            </param>
          </params>
          <reporter-output>
          </reporter-output>
        </test-method> <!-- testLogin -->
        <test-method signature="testLogin(java.lang.String, java.lang.String, java.lang.String, java.lang.String, java.lang.String)[pri:0, instance:testCases.HybridExecuteTest@4eed2acf]" started-at="2021-02-23T16:59:40Z" name="testLogin" data-provider="hybridData" finished-at="2021-02-23T16:59:41Z" duration-ms="303" status="PASS">
          <params>
            <param index="0">
              <value>
                <![CDATA[]]>
              </value>
            </param>
            <param index="1">
              <value>
                <![CDATA[CLICK]]>
              </value>
            </param>
            <param index="2">
              <value>
                <![CDATA[//button[@type='submit']]]>
              </value>
            </param>
            <param index="3">
              <value>
                <![CDATA[xpath]]>
              </value>
            </param>
            <param index="4">
              <value>
                <![CDATA[]]>
              </value>
            </param>
          </params>
          <reporter-output>
          </reporter-output>
        </test-method> <!-- testLogin -->
        <test-method signature="testLogin(java.lang.String, java.lang.String, java.lang.String, java.lang.String, java.lang.String)[pri:0, instance:testCases.HybridExecuteTest@4eed2acf]" started-at="2021-02-23T16:59:41Z" name="testLogin" data-provider="hybridData" finished-at="2021-02-23T16:59:42Z" duration-ms="904" status="PASS">
          <params>
            <param index="0">
              <value>
                <![CDATA[]]>
              </value>
            </param>
            <param index="1">
              <value>
                <![CDATA[WAITFORELEMENT]]>
              </value>
            </param>
            <param index="2">
              <value>
                <![CDATA[//*[@ng-class = 'btnClass2']]]>
              </value>
            </param>
            <param index="3">
              <value>
                <![CDATA[xpath]]>
              </value>
            </param>
            <param index="4">
              <value>
                <![CDATA[]]>
              </value>
            </param>
          </params>
          <reporter-output>
          </reporter-output>
        </test-method> <!-- testLogin -->
        <test-method signature="testLogin(java.lang.String, java.lang.String, java.lang.String, java.lang.String, java.lang.String)[pri:0, instance:testCases.HybridExecuteTest@4eed2acf]" started-at="2021-02-23T16:59:42Z" name="testLogin" data-provider="hybridData" finished-at="2021-02-23T16:59:42Z" duration-ms="243" status="PASS">
          <params>
            <param index="0">
              <value>
                <![CDATA[]]>
              </value>
            </param>
            <param index="1">
              <value>
                <![CDATA[CLICK]]>
              </value>
            </param>
            <param index="2">
              <value>
                <![CDATA[//*[@ng-class = 'btnClass2']]]>
              </value>
            </param>
            <param index="3">
              <value>
                <![CDATA[xpath]]>
              </value>
            </param>
            <param index="4">
              <value>
                <![CDATA[]]>
              </value>
            </param>
          </params>
          <reporter-output>
          </reporter-output>
        </test-method> <!-- testLogin -->
        <test-method signature="testLogin(java.lang.String, java.lang.String, java.lang.String, java.lang.String, java.lang.String)[pri:0, instance:testCases.HybridExecuteTest@4eed2acf]" started-at="2021-02-23T16:59:42Z" name="testLogin" data-provider="hybridData" finished-at="2021-02-23T16:59:45Z" duration-ms="2759" status="PASS">
          <params>
            <param index="0">
              <value>
                <![CDATA[]]>
              </value>
            </param>
            <param index="1">
              <value>
                <![CDATA[VALIDATEANDCOMPARE]]>
              </value>
            </param>
            <param index="2">
              <value>
                <![CDATA[//label]]>
              </value>
            </param>
            <param index="3">
              <value>
                <![CDATA[xpath]]>
              </value>
            </param>
            <param index="4">
              <value>
                <![CDATA[Amount to be Deposited :]]>
              </value>
            </param>
          </params>
          <reporter-output>
          </reporter-output>
        </test-method> <!-- testLogin -->
        <test-method signature="testLogin(java.lang.String, java.lang.String, java.lang.String, java.lang.String, java.lang.String)[pri:0, instance:testCases.HybridExecuteTest@4eed2acf]" started-at="2021-02-23T16:59:45Z" name="testLogin" data-provider="hybridData" finished-at="2021-02-23T16:59:45Z" duration-ms="343" status="PASS">
          <params>
            <param index="0">
              <value>
                <![CDATA[]]>
              </value>
            </param>
            <param index="1">
              <value>
                <![CDATA[SETTEXT]]>
              </value>
            </param>
            <param index="2">
              <value>
                <![CDATA[//input[@type='number']]]>
              </value>
            </param>
            <param index="3">
              <value>
                <![CDATA[xpath]]>
              </value>
            </param>
            <param index="4">
              <value>
                <![CDATA[1500]]>
              </value>
            </param>
          </params>
          <reporter-output>
          </reporter-output>
        </test-method> <!-- testLogin -->
        <test-method signature="testLogin(java.lang.String, java.lang.String, java.lang.String, java.lang.String, java.lang.String)[pri:0, instance:testCases.HybridExecuteTest@4eed2acf]" started-at="2021-02-23T16:59:45Z" name="testLogin" data-provider="hybridData" finished-at="2021-02-23T16:59:45Z" duration-ms="371" status="PASS">
          <params>
            <param index="0">
              <value>
                <![CDATA[]]>
              </value>
            </param>
            <param index="1">
              <value>
                <![CDATA[CLICK]]>
              </value>
            </param>
            <param index="2">
              <value>
                <![CDATA[//*[@class = 'btn btn-default']]]>
              </value>
            </param>
            <param index="3">
              <value>
                <![CDATA[xpath]]>
              </value>
            </param>
            <param index="4">
              <value>
                <![CDATA[]]>
              </value>
            </param>
          </params>
          <reporter-output>
          </reporter-output>
        </test-method> <!-- testLogin -->
        <test-method signature="testLogin(java.lang.String, java.lang.String, java.lang.String, java.lang.String, java.lang.String)[pri:0, instance:testCases.HybridExecuteTest@4eed2acf]" started-at="2021-02-23T16:59:45Z" name="testLogin" data-provider="hybridData" finished-at="2021-02-23T16:59:46Z" duration-ms="107" status="PASS">
          <params>
            <param index="0">
              <value>
                <![CDATA[]]>
              </value>
            </param>
            <param index="1">
              <value>
                <![CDATA[VALIDATEANDCOMPARE]]>
              </value>
            </param>
            <param index="2">
              <value>
                <![CDATA[//div[4]/div/span]]>
              </value>
            </param>
            <param index="3">
              <value>
                <![CDATA[xpath]]>
              </value>
            </param>
            <param index="4">
              <value>
                <![CDATA[Deposit Successful]]>
              </value>
            </param>
          </params>
          <reporter-output>
          </reporter-output>
        </test-method> <!-- testLogin -->
        <test-method signature="testLogin(java.lang.String, java.lang.String, java.lang.String, java.lang.String, java.lang.String)[pri:0, instance:testCases.HybridExecuteTest@4eed2acf]" started-at="2021-02-23T16:59:46Z" name="testLogin" data-provider="hybridData" finished-at="2021-02-23T16:59:46Z" duration-ms="351" status="PASS">
          <params>
            <param index="0">
              <value>
                <![CDATA[]]>
              </value>
            </param>
            <param index="1">
              <value>
                <![CDATA[CLICK]]>
              </value>
            </param>
            <param index="2">
              <value>
                <![CDATA[//*[@class='btn logout']]]>
              </value>
            </param>
            <param index="3">
              <value>
                <![CDATA[xpath]]>
              </value>
            </param>
            <param index="4">
              <value>
                <![CDATA[]]>
              </value>
            </param>
          </params>
          <reporter-output>
          </reporter-output>
        </test-method> <!-- testLogin -->
        <test-method signature="testLogin(java.lang.String, java.lang.String, java.lang.String, java.lang.String, java.lang.String)[pri:0, instance:testCases.HybridExecuteTest@4eed2acf]" started-at="2021-02-23T16:59:46Z" name="testLogin" data-provider="hybridData" finished-at="2021-02-23T16:59:53Z" duration-ms="7046" status="PASS">
          <params>
            <param index="0">
              <value>
                <![CDATA[Validate the Transaction appears]]>
              </value>
            </param>
            <param index="1">
              <value>
                <![CDATA[]]>
              </value>
            </param>
            <param index="2">
              <value>
                <![CDATA[]]>
              </value>
            </param>
            <param index="3">
              <value>
                <![CDATA[]]>
              </value>
            </param>
            <param index="4">
              <value>
                <![CDATA[]]>
              </value>
            </param>
          </params>
          <reporter-output>
          </reporter-output>
        </test-method> <!-- testLogin -->
        <test-method signature="testLogin(java.lang.String, java.lang.String, java.lang.String, java.lang.String, java.lang.String)[pri:0, instance:testCases.HybridExecuteTest@4eed2acf]" started-at="2021-02-23T16:59:53Z" name="testLogin" data-provider="hybridData" finished-at="2021-02-23T17:00:06Z" duration-ms="12835" status="PASS">
          <params>
            <param index="0">
              <value>
                <![CDATA[]]>
              </value>
            </param>
            <param index="1">
              <value>
                <![CDATA[GOTOURL]]>
              </value>
            </param>
            <param index="2">
              <value>
                <![CDATA[]]>
              </value>
            </param>
            <param index="3">
              <value>
                <![CDATA[]]>
              </value>
            </param>
            <param index="4">
              <value>
                <![CDATA[http://www.way2automation.com/angularjs-protractor/banking/#/login]]>
              </value>
            </param>
          </params>
          <reporter-output>
          </reporter-output>
        </test-method> <!-- testLogin -->
        <test-method signature="testLogin(java.lang.String, java.lang.String, java.lang.String, java.lang.String, java.lang.String)[pri:0, instance:testCases.HybridExecuteTest@4eed2acf]" started-at="2021-02-23T17:00:06Z" name="testLogin" data-provider="hybridData" finished-at="2021-02-23T17:00:07Z" duration-ms="1142" status="PASS">
          <params>
            <param index="0">
              <value>
                <![CDATA[]]>
              </value>
            </param>
            <param index="1">
              <value>
                <![CDATA[CLICK]]>
              </value>
            </param>
            <param index="2">
              <value>
                <![CDATA[//*[text()='Customer Login']]]>
              </value>
            </param>
            <param index="3">
              <value>
                <![CDATA[xpath]]>
              </value>
            </param>
            <param index="4">
              <value>
                <![CDATA[]]>
              </value>
            </param>
          </params>
          <reporter-output>
          </reporter-output>
        </test-method> <!-- testLogin -->
        <test-method signature="testLogin(java.lang.String, java.lang.String, java.lang.String, java.lang.String, java.lang.String)[pri:0, instance:testCases.HybridExecuteTest@4eed2acf]" started-at="2021-02-23T17:00:07Z" name="testLogin" data-provider="hybridData" finished-at="2021-02-23T17:00:07Z" duration-ms="168" status="PASS">
          <params>
            <param index="0">
              <value>
                <![CDATA[]]>
              </value>
            </param>
            <param index="1">
              <value>
                <![CDATA[WAITFORELEMENT]]>
              </value>
            </param>
            <param index="2">
              <value>
                <![CDATA[//strong]]>
              </value>
            </param>
            <param index="3">
              <value>
                <![CDATA[xpath]]>
              </value>
            </param>
            <param index="4">
              <value>
                <![CDATA[]]>
              </value>
            </param>
          </params>
          <reporter-output>
          </reporter-output>
        </test-method> <!-- testLogin -->
        <test-method signature="testLogin(java.lang.String, java.lang.String, java.lang.String, java.lang.String, java.lang.String)[pri:0, instance:testCases.HybridExecuteTest@4eed2acf]" started-at="2021-02-23T17:00:07Z" name="testLogin" data-provider="hybridData" finished-at="2021-02-23T17:00:08Z" duration-ms="802" status="PASS">
          <params>
            <param index="0">
              <value>
                <![CDATA[]]>
              </value>
            </param>
            <param index="1">
              <value>
                <![CDATA[CLICK]]>
              </value>
            </param>
            <param index="2">
              <value>
                <![CDATA[//*[@name= 'userSelect']]]>
              </value>
            </param>
            <param index="3">
              <value>
                <![CDATA[xpath]]>
              </value>
            </param>
            <param index="4">
              <value>
                <![CDATA[]]>
              </value>
            </param>
          </params>
          <reporter-output>
          </reporter-output>
        </test-method> <!-- testLogin -->
        <test-method signature="testLogin(java.lang.String, java.lang.String, java.lang.String, java.lang.String, java.lang.String)[pri:0, instance:testCases.HybridExecuteTest@4eed2acf]" started-at="2021-02-23T17:00:08Z" name="testLogin" data-provider="hybridData" finished-at="2021-02-23T17:00:08Z" duration-ms="356" status="PASS">
          <params>
            <param index="0">
              <value>
                <![CDATA[]]>
              </value>
            </param>
            <param index="1">
              <value>
                <![CDATA[SELECTVALUE]]>
              </value>
            </param>
            <param index="2">
              <value>
                <![CDATA[//*[@name= 'userSelect']]]>
              </value>
            </param>
            <param index="3">
              <value>
                <![CDATA[xpath]]>
              </value>
            </param>
            <param index="4">
              <value>
                <![CDATA[Hermoine Granger]]>
              </value>
            </param>
          </params>
          <reporter-output>
          </reporter-output>
        </test-method> <!-- testLogin -->
        <test-method signature="testLogin(java.lang.String, java.lang.String, java.lang.String, java.lang.String, java.lang.String)[pri:0, instance:testCases.HybridExecuteTest@4eed2acf]" started-at="2021-02-23T17:00:08Z" name="testLogin" data-provider="hybridData" finished-at="2021-02-23T17:00:09Z" duration-ms="411" status="PASS">
          <params>
            <param index="0">
              <value>
                <![CDATA[]]>
              </value>
            </param>
            <param index="1">
              <value>
                <![CDATA[CLICK]]>
              </value>
            </param>
            <param index="2">
              <value>
                <![CDATA[//button[@type='submit']]]>
              </value>
            </param>
            <param index="3">
              <value>
                <![CDATA[xpath]]>
              </value>
            </param>
            <param index="4">
              <value>
                <![CDATA[]]>
              </value>
            </param>
          </params>
          <reporter-output>
          </reporter-output>
        </test-method> <!-- testLogin -->
        <test-method signature="testLogin(java.lang.String, java.lang.String, java.lang.String, java.lang.String, java.lang.String)[pri:0, instance:testCases.HybridExecuteTest@4eed2acf]" started-at="2021-02-23T17:00:09Z" name="testLogin" data-provider="hybridData" finished-at="2021-02-23T17:00:10Z" duration-ms="924" status="PASS">
          <params>
            <param index="0">
              <value>
                <![CDATA[]]>
              </value>
            </param>
            <param index="1">
              <value>
                <![CDATA[WAITFORELEMENT]]>
              </value>
            </param>
            <param index="2">
              <value>
                <![CDATA[//*[@ng-class = 'btnClass2']]]>
              </value>
            </param>
            <param index="3">
              <value>
                <![CDATA[xpath]]>
              </value>
            </param>
            <param index="4">
              <value>
                <![CDATA[]]>
              </value>
            </param>
          </params>
          <reporter-output>
          </reporter-output>
        </test-method> <!-- testLogin -->
        <test-method signature="testLogin(java.lang.String, java.lang.String, java.lang.String, java.lang.String, java.lang.String)[pri:0, instance:testCases.HybridExecuteTest@4eed2acf]" started-at="2021-02-23T17:00:10Z" name="testLogin" data-provider="hybridData" finished-at="2021-02-23T17:00:10Z" duration-ms="175" status="PASS">
          <params>
            <param index="0">
              <value>
                <![CDATA[]]>
              </value>
            </param>
            <param index="1">
              <value>
                <![CDATA[CLICK]]>
              </value>
            </param>
            <param index="2">
              <value>
                <![CDATA[//*[@ng-class = 'btnClass2']]]>
              </value>
            </param>
            <param index="3">
              <value>
                <![CDATA[xpath]]>
              </value>
            </param>
            <param index="4">
              <value>
                <![CDATA[]]>
              </value>
            </param>
          </params>
          <reporter-output>
          </reporter-output>
        </test-method> <!-- testLogin -->
        <test-method signature="testLogin(java.lang.String, java.lang.String, java.lang.String, java.lang.String, java.lang.String)[pri:0, instance:testCases.HybridExecuteTest@4eed2acf]" started-at="2021-02-23T17:00:10Z" name="testLogin" data-provider="hybridData" finished-at="2021-02-23T17:00:11Z" duration-ms="823" status="PASS">
          <params>
            <param index="0">
              <value>
                <![CDATA[]]>
              </value>
            </param>
            <param index="1">
              <value>
                <![CDATA[VALIDATEANDCOMPARE]]>
              </value>
            </param>
            <param index="2">
              <value>
                <![CDATA[//label]]>
              </value>
            </param>
            <param index="3">
              <value>
                <![CDATA[xpath]]>
              </value>
            </param>
            <param index="4">
              <value>
                <![CDATA[Amount to be Deposited :]]>
              </value>
            </param>
          </params>
          <reporter-output>
          </reporter-output>
        </test-method> <!-- testLogin -->
        <test-method signature="testLogin(java.lang.String, java.lang.String, java.lang.String, java.lang.String, java.lang.String)[pri:0, instance:testCases.HybridExecuteTest@4eed2acf]" started-at="2021-02-23T17:00:11Z" name="testLogin" data-provider="hybridData" finished-at="2021-02-23T17:00:11Z" duration-ms="468" status="PASS">
          <params>
            <param index="0">
              <value>
                <![CDATA[]]>
              </value>
            </param>
            <param index="1">
              <value>
                <![CDATA[SETTEXT]]>
              </value>
            </param>
            <param index="2">
              <value>
                <![CDATA[//input[@type='number']]]>
              </value>
            </param>
            <param index="3">
              <value>
                <![CDATA[xpath]]>
              </value>
            </param>
            <param index="4">
              <value>
                <![CDATA[31459]]>
              </value>
            </param>
          </params>
          <reporter-output>
          </reporter-output>
        </test-method> <!-- testLogin -->
        <test-method signature="testLogin(java.lang.String, java.lang.String, java.lang.String, java.lang.String, java.lang.String)[pri:0, instance:testCases.HybridExecuteTest@4eed2acf]" started-at="2021-02-23T17:00:11Z" name="testLogin" data-provider="hybridData" finished-at="2021-02-23T17:00:12Z" duration-ms="359" status="PASS">
          <params>
            <param index="0">
              <value>
                <![CDATA[]]>
              </value>
            </param>
            <param index="1">
              <value>
                <![CDATA[CLICK]]>
              </value>
            </param>
            <param index="2">
              <value>
                <![CDATA[//*[@class = 'btn btn-default']]]>
              </value>
            </param>
            <param index="3">
              <value>
                <![CDATA[xpath]]>
              </value>
            </param>
            <param index="4">
              <value>
                <![CDATA[]]>
              </value>
            </param>
          </params>
          <reporter-output>
          </reporter-output>
        </test-method> <!-- testLogin -->
        <test-method signature="testLogin(java.lang.String, java.lang.String, java.lang.String, java.lang.String, java.lang.String)[pri:0, instance:testCases.HybridExecuteTest@4eed2acf]" started-at="2021-02-23T17:00:12Z" name="testLogin" data-provider="hybridData" finished-at="2021-02-23T17:00:12Z" duration-ms="117" status="PASS">
          <params>
            <param index="0">
              <value>
                <![CDATA[]]>
              </value>
            </param>
            <param index="1">
              <value>
                <![CDATA[VALIDATEANDCOMPARE]]>
              </value>
            </param>
            <param index="2">
              <value>
                <![CDATA[//div[4]/div/span]]>
              </value>
            </param>
            <param index="3">
              <value>
                <![CDATA[xpath]]>
              </value>
            </param>
            <param index="4">
              <value>
                <![CDATA[Deposit Successful]]>
              </value>
            </param>
          </params>
          <reporter-output>
          </reporter-output>
        </test-method> <!-- testLogin -->
        <test-method signature="testLogin(java.lang.String, java.lang.String, java.lang.String, java.lang.String, java.lang.String)[pri:0, instance:testCases.HybridExecuteTest@4eed2acf]" started-at="2021-02-23T17:00:12Z" name="testLogin" data-provider="hybridData" finished-at="2021-02-23T17:00:12Z" duration-ms="280" status="PASS">
          <params>
            <param index="0">
              <value>
                <![CDATA[]]>
              </value>
            </param>
            <param index="1">
              <value>
                <![CDATA[CLICK]]>
              </value>
            </param>
            <param index="2">
              <value>
                <![CDATA[//div[3]/button]]>
              </value>
            </param>
            <param index="3">
              <value>
                <![CDATA[xpath]]>
              </value>
            </param>
            <param index="4">
              <value>
                <![CDATA[]]>
              </value>
            </param>
          </params>
          <reporter-output>
          </reporter-output>
        </test-method> <!-- testLogin -->
        <test-method signature="testLogin(java.lang.String, java.lang.String, java.lang.String, java.lang.String, java.lang.String)[pri:0, instance:testCases.HybridExecuteTest@4eed2acf]" started-at="2021-02-23T17:00:12Z" name="testLogin" data-provider="hybridData" finished-at="2021-02-23T17:00:15Z" duration-ms="3316" status="PASS">
          <params>
            <param index="0">
              <value>
                <![CDATA[]]>
              </value>
            </param>
            <param index="1">
              <value>
                <![CDATA[VALIDATEANDCOMPARE]]>
              </value>
            </param>
            <param index="2">
              <value>
                <![CDATA[//tr[@id='anchor0']/td[3]]]>
              </value>
            </param>
            <param index="3">
              <value>
                <![CDATA[xpath]]>
              </value>
            </param>
            <param index="4">
              <value>
                <![CDATA[Debit]]>
              </value>
            </param>
          </params>
          <reporter-output>
          </reporter-output>
        </test-method> <!-- testLogin -->
        <test-method signature="testLogin(java.lang.String, java.lang.String, java.lang.String, java.lang.String, java.lang.String)[pri:0, instance:testCases.HybridExecuteTest@4eed2acf]" started-at="2021-02-23T17:00:15Z" name="testLogin" data-provider="hybridData" finished-at="2021-02-23T17:00:15Z" duration-ms="220" status="PASS">
          <params>
            <param index="0">
              <value>
                <![CDATA[]]>
              </value>
            </param>
            <param index="1">
              <value>
                <![CDATA[CLICK]]>
              </value>
            </param>
            <param index="2">
              <value>
                <![CDATA[//div[2]/div/div/button]]>
              </value>
            </param>
            <param index="3">
              <value>
                <![CDATA[xpath]]>
              </value>
            </param>
            <param index="4">
              <value>
                <![CDATA[]]>
              </value>
            </param>
          </params>
          <reporter-output>
          </reporter-output>
        </test-method> <!-- testLogin -->
        <test-method signature="testLogin(java.lang.String, java.lang.String, java.lang.String, java.lang.String, java.lang.String)[pri:0, instance:testCases.HybridExecuteTest@4eed2acf]" started-at="2021-02-23T17:00:15Z" name="testLogin" data-provider="hybridData" finished-at="2021-02-23T17:00:16Z" duration-ms="137" status="PASS">
          <params>
            <param index="0">
              <value>
                <![CDATA[]]>
              </value>
            </param>
            <param index="1">
              <value>
                <![CDATA[WAITFORELEMENT]]>
              </value>
            </param>
            <param index="2">
              <value>
                <![CDATA[//button[3]]]>
              </value>
            </param>
            <param index="3">
              <value>
                <![CDATA[xpath]]>
              </value>
            </param>
            <param index="4">
              <value>
                <![CDATA[]]>
              </value>
            </param>
          </params>
          <reporter-output>
          </reporter-output>
        </test-method> <!-- testLogin -->
        <test-method signature="testLogin(java.lang.String, java.lang.String, java.lang.String, java.lang.String, java.lang.String)[pri:0, instance:testCases.HybridExecuteTest@4eed2acf]" started-at="2021-02-23T17:00:16Z" name="testLogin" data-provider="hybridData" finished-at="2021-02-23T17:00:16Z" duration-ms="191" status="PASS">
          <params>
            <param index="0">
              <value>
                <![CDATA[]]>
              </value>
            </param>
            <param index="1">
              <value>
                <![CDATA[CLICK]]>
              </value>
            </param>
            <param index="2">
              <value>
                <![CDATA[//button[3]]]>
              </value>
            </param>
            <param index="3">
              <value>
                <![CDATA[xpath]]>
              </value>
            </param>
            <param index="4">
              <value>
                <![CDATA[]]>
              </value>
            </param>
          </params>
          <reporter-output>
          </reporter-output>
        </test-method> <!-- testLogin -->
        <test-method signature="testLogin(java.lang.String, java.lang.String, java.lang.String, java.lang.String, java.lang.String)[pri:0, instance:testCases.HybridExecuteTest@4eed2acf]" started-at="2021-02-23T17:00:16Z" name="testLogin" data-provider="hybridData" finished-at="2021-02-23T17:00:16Z" duration-ms="368" status="PASS">
          <params>
            <param index="0">
              <value>
                <![CDATA[]]>
              </value>
            </param>
            <param index="1">
              <value>
                <![CDATA[VALIDATEANDCOMPARE]]>
              </value>
            </param>
            <param index="2">
              <value>
                <![CDATA[//*[text() = 'Amount to be Withdrawn :']]]>
              </value>
            </param>
            <param index="3">
              <value>
                <![CDATA[xpath]]>
              </value>
            </param>
            <param index="4">
              <value>
                <![CDATA[Amount to be Deposited :]]>
              </value>
            </param>
          </params>
          <reporter-output>
          </reporter-output>
        </test-method> <!-- testLogin -->
        <test-method signature="testLogin(java.lang.String, java.lang.String, java.lang.String, java.lang.String, java.lang.String)[pri:0, instance:testCases.HybridExecuteTest@4eed2acf]" started-at="2021-02-23T17:00:16Z" name="testLogin" data-provider="hybridData" finished-at="2021-02-23T17:00:16Z" duration-ms="292" status="PASS">
          <params>
            <param index="0">
              <value>
                <![CDATA[]]>
              </value>
            </param>
            <param index="1">
              <value>
                <![CDATA[SETTEXT]]>
              </value>
            </param>
            <param index="2">
              <value>
                <![CDATA[//input[@type='number']]]>
              </value>
            </param>
            <param index="3">
              <value>
                <![CDATA[xpath]]>
              </value>
            </param>
            <param index="4">
              <value>
                <![CDATA[31459]]>
              </value>
            </param>
          </params>
          <reporter-output>
          </reporter-output>
        </test-method> <!-- testLogin -->
        <test-method signature="testLogin(java.lang.String, java.lang.String, java.lang.String, java.lang.String, java.lang.String)[pri:0, instance:testCases.HybridExecuteTest@4eed2acf]" started-at="2021-02-23T17:00:16Z" name="testLogin" data-provider="hybridData" finished-at="2021-02-23T17:00:17Z" duration-ms="327" status="PASS">
          <params>
            <param index="0">
              <value>
                <![CDATA[]]>
              </value>
            </param>
            <param index="1">
              <value>
                <![CDATA[CLICK]]>
              </value>
            </param>
            <param index="2">
              <value>
                <![CDATA[//*[@class='btn btn-default']]]>
              </value>
            </param>
            <param index="3">
              <value>
                <![CDATA[xpath]]>
              </value>
            </param>
            <param index="4">
              <value>
                <![CDATA[]]>
              </value>
            </param>
          </params>
          <reporter-output>
          </reporter-output>
        </test-method> <!-- testLogin -->
        <test-method signature="testLogin(java.lang.String, java.lang.String, java.lang.String, java.lang.String, java.lang.String)[pri:0, instance:testCases.HybridExecuteTest@4eed2acf]" started-at="2021-02-23T17:00:17Z" name="testLogin" data-provider="hybridData" finished-at="2021-02-23T17:00:17Z" duration-ms="93" status="PASS">
          <params>
            <param index="0">
              <value>
                <![CDATA[]]>
              </value>
            </param>
            <param index="1">
              <value>
                <![CDATA[VALIDATEANDCOMPARE]]>
              </value>
            </param>
            <param index="2">
              <value>
                <![CDATA[//*[@ng-show = 'message']]]>
              </value>
            </param>
            <param index="3">
              <value>
                <![CDATA[xpath]]>
              </value>
            </param>
            <param index="4">
              <value>
                <![CDATA[Transaction successful]]>
              </value>
            </param>
          </params>
          <reporter-output>
          </reporter-output>
        </test-method> <!-- testLogin -->
        <test-method signature="testLogin(java.lang.String, java.lang.String, java.lang.String, java.lang.String, java.lang.String)[pri:0, instance:testCases.HybridExecuteTest@4eed2acf]" started-at="2021-02-23T17:00:17Z" name="testLogin" data-provider="hybridData" finished-at="2021-02-23T17:00:17Z" duration-ms="355" status="PASS">
          <params>
            <param index="0">
              <value>
                <![CDATA[]]>
              </value>
            </param>
            <param index="1">
              <value>
                <![CDATA[CLICK]]>
              </value>
            </param>
            <param index="2">
              <value>
                <![CDATA[//*[@ng-click='transactions()']]]>
              </value>
            </param>
            <param index="3">
              <value>
                <![CDATA[xpath]]>
              </value>
            </param>
            <param index="4">
              <value>
                <![CDATA[]]>
              </value>
            </param>
          </params>
          <reporter-output>
          </reporter-output>
        </test-method> <!-- testLogin -->
        <test-method signature="testLogin(java.lang.String, java.lang.String, java.lang.String, java.lang.String, java.lang.String)[pri:0, instance:testCases.HybridExecuteTest@4eed2acf]" started-at="2021-02-23T17:00:17Z" name="testLogin" data-provider="hybridData" finished-at="2021-02-23T17:00:18Z" duration-ms="617" status="PASS">
          <params>
            <param index="0">
              <value>
                <![CDATA[]]>
              </value>
            </param>
            <param index="1">
              <value>
                <![CDATA[SETTEXT]]>
              </value>
            </param>
            <param index="2">
              <value>
                <![CDATA[//*[@ng-model="startDate"]]]>
              </value>
            </param>
            <param index="3">
              <value>
                <![CDATA[xpath]]>
              </value>
            </param>
            <param index="4">
              <value>
                <![CDATA[2021-02-23T15:57:00]]>
              </value>
            </param>
          </params>
          <reporter-output>
          </reporter-output>
        </test-method> <!-- testLogin -->
        <test-method signature="testLogin(java.lang.String, java.lang.String, java.lang.String, java.lang.String, java.lang.String)[pri:0, instance:testCases.HybridExecuteTest@4eed2acf]" started-at="2021-02-23T17:00:18Z" name="testLogin" data-provider="hybridData" finished-at="2021-02-23T17:00:48Z" duration-ms="30057" status="FAIL">
          <params>
            <param index="0">
              <value>
                <![CDATA[]]>
              </value>
            </param>
            <param index="1">
              <value>
                <![CDATA[GETTEXT]]>
              </value>
            </param>
            <param index="2">
              <value>
                <![CDATA[//*[@id="anchor1"]]]>
              </value>
            </param>
            <param index="3">
              <value>
                <![CDATA[xpath]]>
              </value>
            </param>
            <param index="4">
              <value>
                <![CDATA[]]>
              </value>
            </param>
          </params>
          <exception class="org.openqa.selenium.NoSuchElementException">
            <message>
              <![CDATA[no such element: Unable to locate element: {"method":"xpath","selector":"//*[@id="anchor1"]"}
  (Session info: chrome=88.0.4324.182)
  (Driver info: chromedriver=87.0.4280.88 (89e2380a3e36c3464b5dd1302349b1382549290d-refs/branch-heads/4280@{#1761}),platform=Windows NT 10.0.18363 x86_64) (WARNING: The server did not provide any stacktrace information)
Command duration or timeout: 30.04 seconds
For documentation on this error, please visit: http://seleniumhq.org/exceptions/no_such_element.html
Build info: version: '2.45.0', revision: '5017cb8e7ca8e37638dc3091b2440b90a1d8686f', time: '2015-02-27 09:10:26'
System info: host: 'DESKTOP-2JKDASI', ip: '192.168.8.103', os.name: 'Windows 10', os.arch: 'amd64', os.version: '10.0', java.version: '15.0.1'
Driver info: org.openqa.selenium.chrome.ChromeDriver
Capabilities [{mobileEmulationEnabled=false, timeouts={implicit=0, pageLoad=300000, script=30000}, hasTouchScreen=false, platform=XP, acceptSslCerts=false, goog:chromeOptions={debuggerAddress=localhost:64782}, acceptInsecureCerts=false, webStorageEnabled=true, browserName=chrome, takesScreenshot=true, javascriptEnabled=true, setWindowRect=true, unexpectedAlertBehaviour=ignore, applicationCacheEnabled=false, rotatable=false, networkConnectionEnabled=false, chrome={chromedriverVersion=87.0.4280.88 (89e2380a3e36c3464b5dd1302349b1382549290d-refs/branch-heads/4280@{#1761}), userDataDir=C:\Users\Admin\AppData\Local\Temp\scoped_dir8084_1422187921}, takesHeapSnapshot=true, pageLoadStrategy=normal, strictFileInteractability=false, databaseEnabled=false, handlesAlerts=true, version=88.0.4324.182, browserConnectionEnabled=false, proxy={}, nativeEvents=true, locationContextEnabled=true, cssSelectorsEnabled=true, webauthn:virtualAuthenticators=true}]
Session ID: ba9909e0fd9be0ac7378871dfa0659f1
*** Element info: {Using=xpath, value=//*[@id="anchor1"]}]]>
            </message>
            <full-stacktrace>
              <![CDATA[org.openqa.selenium.NoSuchElementException: no such element: Unable to locate element: {"method":"xpath","selector":"//*[@id="anchor1"]"}
  (Session info: chrome=88.0.4324.182)
  (Driver info: chromedriver=87.0.4280.88 (89e2380a3e36c3464b5dd1302349b1382549290d-refs/branch-heads/4280@{#1761}),platform=Windows NT 10.0.18363 x86_64) (WARNING: The server did not provide any stacktrace information)
Command duration or timeout: 30.04 seconds
For documentation on this error, please visit: http://seleniumhq.org/exceptions/no_such_element.html
Build info: version: '2.45.0', revision: '5017cb8e7ca8e37638dc3091b2440b90a1d8686f', time: '2015-02-27 09:10:26'
System info: host: 'DESKTOP-2JKDASI', ip: '192.168.8.103', os.name: 'Windows 10', os.arch: 'amd64', os.version: '10.0', java.version: '15.0.1'
Driver info: org.openqa.selenium.chrome.ChromeDriver
Capabilities [{mobileEmulationEnabled=false, timeouts={implicit=0, pageLoad=300000, script=30000}, hasTouchScreen=false, platform=XP, acceptSslCerts=false, goog:chromeOptions={debuggerAddress=localhost:64782}, acceptInsecureCerts=false, webStorageEnabled=true, browserName=chrome, takesScreenshot=true, javascriptEnabled=true, setWindowRect=true, unexpectedAlertBehaviour=ignore, applicationCacheEnabled=false, rotatable=false, networkConnectionEnabled=false, chrome={chromedriverVersion=87.0.4280.88 (89e2380a3e36c3464b5dd1302349b1382549290d-refs/branch-heads/4280@{#1761}), userDataDir=C:\Users\Admin\AppData\Local\Temp\scoped_dir8084_1422187921}, takesHeapSnapshot=true, pageLoadStrategy=normal, strictFileInteractability=false, databaseEnabled=false, handlesAlerts=true, version=88.0.4324.182, browserConnectionEnabled=false, proxy={}, nativeEvents=true, locationContextEnabled=true, cssSelectorsEnabled=true, webauthn:virtualAuthenticators=true}]
Session ID: ba9909e0fd9be0ac7378871dfa0659f1
*** Element info: {Using=xpath, value=//*[@id="anchor1"]}
	at java.base/jdk.internal.reflect.NativeConstructorAccessorImpl.newInstance0(Native Method)
	at java.base/jdk.internal.reflect.NativeConstructorAccessorImpl.newInstance(NativeConstructorAccessorImpl.java:64)
	at java.base/jdk.internal.reflect.DelegatingConstructorAccessorImpl.newInstance(DelegatingConstructorAccessorImpl.java:45)
	at java.base/java.lang.reflect.Constructor.newInstanceWithCaller(Constructor.java:500)
	at java.base/java.lang.reflect.Constructor.newInstance(Constructor.java:481)
	at org.openqa.selenium.remote.ErrorHandler.createThrowable(ErrorHandler.java:204)
	at org.openqa.selenium.remote.ErrorHandler.throwIfResponseFailed(ErrorHandler.java:156)
	at org.openqa.selenium.remote.RemoteWebDriver.execute(RemoteWebDriver.java:599)
	at org.openqa.selenium.remote.RemoteWebDriver.findElement(RemoteWebDriver.java:352)
	at org.openqa.selenium.remote.RemoteWebDriver.findElementByXPath(RemoteWebDriver.java:449)
	at org.openqa.selenium.By$ByXPath.findElement(By.java:357)
	at org.openqa.selenium.remote.RemoteWebDriver.findElement(RemoteWebDriver.java:344)
	at operation.UIOperation.perform(UIOperation.java:88)
	at testCases.HybridExecuteTest.testLogin(HybridExecuteTest.java:35)
	at jdk.internal.reflect.GeneratedMethodAccessor45.invoke(Unknown Source)
	at java.base/jdk.internal.reflect.DelegatingMethodAccessorImpl.invoke(DelegatingMethodAccessorImpl.java:43)
	at java.base/java.lang.reflect.Method.invoke(Method.java:564)
	at org.testng.internal.MethodInvocationHelper.invokeMethod(MethodInvocationHelper.java:84)
	at org.testng.internal.Invoker.invokeMethod(Invoker.java:714)
	at org.testng.internal.Invoker.invokeTestMethod(Invoker.java:901)
	at org.testng.internal.Invoker.invokeTestMethods(Invoker.java:1231)
	at org.testng.internal.TestMethodWorker.invokeTestMethods(TestMethodWorker.java:127)
	at org.testng.internal.TestMethodWorker.run(TestMethodWorker.java:111)
	at org.testng.TestRunner.privateRun(TestRunner.java:767)
	at org.testng.TestRunner.run(TestRunner.java:617)
	at org.testng.SuiteRunner.runTest(SuiteRunner.java:348)
	at org.testng.SuiteRunner.runSequentially(SuiteRunner.java:343)
	at org.testng.SuiteRunner.privateRun(SuiteRunner.java:305)
	at org.testng.SuiteRunner.run(SuiteRunner.java:254)
	at org.testng.SuiteRunnerWorker.runSuite(SuiteRunnerWorker.java:52)
	at org.testng.SuiteRunnerWorker.run(SuiteRunnerWorker.java:86)
	at org.testng.TestNG.runSuitesSequentially(TestNG.java:1224)
	at org.testng.TestNG.runSuitesLocally(TestNG.java:1149)
	at org.testng.TestNG.run(TestNG.java:1057)
	at org.testng.remote.AbstractRemoteTestNG.run(AbstractRemoteTestNG.java:115)
	at org.testng.remote.RemoteTestNG.initAndRun(RemoteTestNG.java:251)
	at org.testng.remote.RemoteTestNG.main(RemoteTestNG.java:77)
]]>
            </full-stacktrace>
          </exception> <!-- org.openqa.selenium.NoSuchElementException -->
          <reporter-output>
          </reporter-output>
        </test-method> <!-- testLogin -->
        <test-method signature="testLogin(java.lang.String, java.lang.String, java.lang.String, java.lang.String, java.lang.String)[pri:0, instance:testCases.HybridExecuteTest@4eed2acf]" started-at="2021-02-23T17:00:48Z" name="testLogin" data-provider="hybridData" finished-at="2021-02-23T17:00:48Z" duration-ms="338" status="PASS">
          <params>
            <param index="0">
              <value>
                <![CDATA[]]>
              </value>
            </param>
            <param index="1">
              <value>
                <![CDATA[CLICK]]>
              </value>
            </param>
            <param index="2">
              <value>
                <![CDATA[//*[@class='btn logout']]]>
              </value>
            </param>
            <param index="3">
              <value>
                <![CDATA[xpath]]>
              </value>
            </param>
            <param index="4">
              <value>
                <![CDATA[]]>
              </value>
            </param>
          </params>
          <reporter-output>
          </reporter-output>
        </test-method> <!-- testLogin -->
      </class> <!-- testCases.HybridExecuteTest -->
    </test> <!-- Default test -->
  </suite> <!-- Default suite -->
</testng-results>
